This is XeTeX, Version 3.141592653-2.6-0.999993 (TeX Live 2021/W32TeX) (preloaded format=xelatex 2021.11.16)  18 NOV 2021 07:54
entering extended mode
 restricted \write18 enabled.
 %&-line parsing enabled.
**_main.tex
(./_main.tex
LaTeX2e <2021-11-15>
L3 programming layer <2021-11-12> (c:/Users/balbu/AppData/Roaming/TinyTeX/texmf
-dist/tex/latex/base/book.cls
Document Class: book 2021/10/04 v1.4n Standard LaTeX document class
(c:/Users/balbu/AppData/Roaming/TinyTeX/texmf-dist/tex/latex/base/bk10.clo
File: bk10.clo 2021/10/04 v1.4n Standard LaTeX file (size option)
)
\c@part=\count179
\c@chapter=\count180
\c@section=\count181
\c@subsection=\count182
\c@subsubsection=\count183
\c@paragraph=\count184
\c@subparagraph=\count185
\c@figure=\count186
\c@table=\count187
\abovecaptionskip=\skip47
\belowcaptionskip=\skip48
\bibindent=\dimen138
)
(c:/Users/balbu/AppData/Roaming/TinyTeX/texmf-dist/tex/latex/amsmath/amsmath.st
y
Package: amsmath 2021/10/15 v2.17l AMS math features
\@mathmargin=\skip49
For additional information on amsmath, use the `?' option.

(c:/Users/balbu/AppData/Roaming/TinyTeX/texmf-dist/tex/latex/amsmath/amstext.st
y
Package: amstext 2021/08/26 v2.01 AMS text

(c:/Users/balbu/AppData/Roaming/TinyTeX/texmf-dist/tex/latex/amsmath/amsgen.sty
File: amsgen.sty 1999/11/30 v2.0 generic functions
\@emptytoks=\toks16
\ex@=\dimen139
))
(c:/Users/balbu/AppData/Roaming/TinyTeX/texmf-dist/tex/latex/amsmath/amsbsy.sty
Package: amsbsy 1999/11/29 v1.2d Bold Symbols
\pmbraise@=\dimen140
)
(c:/Users/balbu/AppData/Roaming/TinyTeX/texmf-dist/tex/latex/amsmath/amsopn.sty
Package: amsopn 2021/08/26 v2.02 operator names
)
\inf@bad=\count188
LaTeX Info: Redefining \frac on input line 234.
\uproot@=\count189
\leftroot@=\count190
LaTeX Info: Redefining \overline on input line 399.
\classnum@=\count191
\DOTSCASE@=\count192
LaTeX Info: Redefining \ldots on input line 496.
LaTeX Info: Redefining \dots on input line 499.
LaTeX Info: Redefining \cdots on input line 620.
\Mathstrutbox@=\box50
\strutbox@=\box51
\big@size=\dimen141
LaTeX Font Info:    Redeclaring font encoding OML on input line 743.
LaTeX Font Info:    Redeclaring font encoding OMS on input line 744.
\macc@depth=\count193
\c@MaxMatrixCols=\count194
\dotsspace@=\muskip16
\c@parentequation=\count195
\dspbrk@lvl=\count196
\tag@help=\toks17
\row@=\count197
\column@=\count198
\maxfields@=\count199
\andhelp@=\toks18
\eqnshift@=\dimen142
\alignsep@=\dimen143
\tagshift@=\dimen144
\tagwidth@=\dimen145
\totwidth@=\dimen146
\lineht@=\dimen147
\@envbody=\toks19
\multlinegap=\skip50
\multlinetaggap=\skip51
\mathdisplay@stack=\toks20
LaTeX Info: Redefining \[ on input line 2938.
LaTeX Info: Redefining \] on input line 2939.
)
(c:/Users/balbu/AppData/Roaming/TinyTeX/texmf-dist/tex/latex/amsfonts/amssymb.s
ty
Package: amssymb 2013/01/14 v3.01 AMS font symbols

(c:/Users/balbu/AppData/Roaming/TinyTeX/texmf-dist/tex/latex/amsfonts/amsfonts.
sty
Package: amsfonts 2013/01/14 v3.01 Basic AMSFonts support
\symAMSa=\mathgroup4
\symAMSb=\mathgroup5
LaTeX Font Info:    Redeclaring math symbol \hbar on input line 98.
LaTeX Font Info:    Overwriting math alphabet `\mathfrak' in version `bold'
(Font)                  U/euf/m/n --> U/euf/b/n on input line 106.
)) (c:/Users/balbu/AppData/Roaming/TinyTeX/texmf-dist/tex/latex/lm/lmodern.sty
Package: lmodern 2015/05/01 v1.6.1 Latin Modern Fonts
LaTeX Font Info:    Overwriting symbol font `operators' in version `normal'
(Font)                  OT1/cmr/m/n --> OT1/lmr/m/n on input line 22.
LaTeX Font Info:    Overwriting symbol font `letters' in version `normal'
(Font)                  OML/cmm/m/it --> OML/lmm/m/it on input line 23.
LaTeX Font Info:    Overwriting symbol font `symbols' in version `normal'
(Font)                  OMS/cmsy/m/n --> OMS/lmsy/m/n on input line 24.
LaTeX Font Info:    Overwriting symbol font `largesymbols' in version `normal'
(Font)                  OMX/cmex/m/n --> OMX/lmex/m/n on input line 25.
LaTeX Font Info:    Overwriting symbol font `operators' in version `bold'
(Font)                  OT1/cmr/bx/n --> OT1/lmr/bx/n on input line 26.
LaTeX Font Info:    Overwriting symbol font `letters' in version `bold'
(Font)                  OML/cmm/b/it --> OML/lmm/b/it on input line 27.
LaTeX Font Info:    Overwriting symbol font `symbols' in version `bold'
(Font)                  OMS/cmsy/b/n --> OMS/lmsy/b/n on input line 28.
LaTeX Font Info:    Overwriting symbol font `largesymbols' in version `bold'
(Font)                  OMX/cmex/m/n --> OMX/lmex/m/n on input line 29.
LaTeX Font Info:    Overwriting math alphabet `\mathbf' in version `normal'
(Font)                  OT1/cmr/bx/n --> OT1/lmr/bx/n on input line 31.
LaTeX Font Info:    Overwriting math alphabet `\mathsf' in version `normal'
(Font)                  OT1/cmss/m/n --> OT1/lmss/m/n on input line 32.
LaTeX Font Info:    Overwriting math alphabet `\mathit' in version `normal'
(Font)                  OT1/cmr/m/it --> OT1/lmr/m/it on input line 33.
LaTeX Font Info:    Overwriting math alphabet `\mathtt' in version `normal'
(Font)                  OT1/cmtt/m/n --> OT1/lmtt/m/n on input line 34.
LaTeX Font Info:    Overwriting math alphabet `\mathbf' in version `bold'
(Font)                  OT1/cmr/bx/n --> OT1/lmr/bx/n on input line 35.
LaTeX Font Info:    Overwriting math alphabet `\mathsf' in version `bold'
(Font)                  OT1/cmss/bx/n --> OT1/lmss/bx/n on input line 36.
LaTeX Font Info:    Overwriting math alphabet `\mathit' in version `bold'
(Font)                  OT1/cmr/bx/it --> OT1/lmr/bx/it on input line 37.
LaTeX Font Info:    Overwriting math alphabet `\mathtt' in version `bold'
(Font)                  OT1/cmtt/m/n --> OT1/lmtt/m/n on input line 38.
) (c:/Users/balbu/AppData/Roaming/TinyTeX/texmf-dist/tex/generic/iftex/iftex.st
y
Package: iftex 2020/03/06 v1.0d TeX engine tests
)
(c:/Users/balbu/AppData/Roaming/TinyTeX/texmf-dist/tex/latex/unicode-math/unico
de-math.sty
(c:/Users/balbu/AppData/Roaming/TinyTeX/texmf-dist/tex/latex/l3kernel/expl3.sty
Package: expl3 2021-11-12 L3 programming layer (loader) 

(c:/Users/balbu/AppData/Roaming/TinyTeX/texmf-dist/tex/latex/l3backend/l3backen
d-xetex.def
File: l3backend-xetex.def 2021-10-18 L3 backend support: XeTeX
(|extractbb --version)
\c__kernel_sys_dvipdfmx_version_int=\count266
\l__color_backend_stack_int=\count267
\g__color_backend_stack_int=\count268
\g__graphics_track_int=\count269
\l__pdf_internal_box=\box52
\g__pdf_backend_object_int=\count270
\g__pdf_backend_annotation_int=\count271
\g__pdf_backend_link_int=\count272
))
Package: unicode-math 2020/01/31 v0.8q Unicode maths in XeLaTeX and LuaLaTeX

(c:/Users/balbu/AppData/Roaming/TinyTeX/texmf-dist/tex/latex/unicode-math/unico
de-math-xetex.sty
Package: unicode-math-xetex 2020/01/31 v0.8q Unicode maths in XeLaTeX and LuaLa
TeX

(c:/Users/balbu/AppData/Roaming/TinyTeX/texmf-dist/tex/latex/l3packages/xparse/
xparse.sty
Package: xparse 2021-11-12 L3 Experimental document command parser
)
(c:/Users/balbu/AppData/Roaming/TinyTeX/texmf-dist/tex/latex/l3packages/l3keys2
e/l3keys2e.sty
Package: l3keys2e 2021-11-12 LaTeX2e option processing using LaTeX3 keys
)
(c:/Users/balbu/AppData/Roaming/TinyTeX/texmf-dist/tex/latex/fontspec/fontspec.
sty
Package: fontspec 2020/02/21 v2.7i Font selection for XeLaTeX and LuaLaTeX

(c:/Users/balbu/AppData/Roaming/TinyTeX/texmf-dist/tex/latex/fontspec/fontspec-
xetex.sty
Package: fontspec-xetex 2020/02/21 v2.7i Font selection for XeLaTeX and LuaLaTe
X
\l__fontspec_script_int=\count273
\l__fontspec_language_int=\count274
\l__fontspec_strnum_int=\count275
\l__fontspec_tmp_int=\count276
\l__fontspec_tmpa_int=\count277
\l__fontspec_tmpb_int=\count278
\l__fontspec_tmpc_int=\count279
\l__fontspec_em_int=\count280
\l__fontspec_emdef_int=\count281
\l__fontspec_strong_int=\count282
\l__fontspec_strongdef_int=\count283
\l__fontspec_tmpa_dim=\dimen148
\l__fontspec_tmpb_dim=\dimen149
\l__fontspec_tmpc_dim=\dimen150
(c:/Users/balbu/AppData/Roaming/TinyTeX/texmf-dist/tex/latex/base/fontenc.sty
Package: fontenc 2021/04/29 v2.0v Standard LaTeX package
)
(c:/Users/balbu/AppData/Roaming/TinyTeX/texmf-dist/tex/latex/fontspec/fontspec.
cfg))) (c:/Users/balbu/AppData/Roaming/TinyTeX/texmf-dist/tex/latex/base/fix-cm
.sty
Package: fix-cm 2020/11/24 v1.1t fixes to LaTeX
(c:/Users/balbu/AppData/Roaming/TinyTeX/texmf-dist/tex/latex/base/ts1enc.def
File: ts1enc.def 2001/06/05 v3.0e (jk/car/fm) Standard LaTeX file
LaTeX Font Info:    Redeclaring font encoding TS1 on input line 47.
))
\g__um_fam_int=\count284
\g__um_fonts_used_int=\count285
\l__um_primecount_int=\count286
\g__um_primekern_muskip=\muskip17

(c:/Users/balbu/AppData/Roaming/TinyTeX/texmf-dist/tex/latex/unicode-math/unico
de-math-table.tex))) (c:/Users/balbu/AppData/Roaming/TinyTeX/texmf-dist/tex/lat
ex/xcolor/xcolor.sty
Package: xcolor 2021/10/31 v2.13 LaTeX color extensions (UK)

(c:/Users/balbu/AppData/Roaming/TinyTeX/texmf-dist/tex/latex/graphics-cfg/color
.cfg
File: color.cfg 2016/01/02 v1.6 sample color configuration
)
Package xcolor Info: Driver file: xetex.def on input line 227.

(c:/Users/balbu/AppData/Roaming/TinyTeX/texmf-dist/tex/latex/graphics-def/xetex
.def
File: xetex.def 2021/03/18 v5.0k Graphics/color driver for xetex
)
Package xcolor Info: Model `cmy' substituted by `cmy0' on input line 1352.
Package xcolor Info: Model `RGB' extended on input line 1368.
Package xcolor Info: Model `HTML' substituted by `rgb' on input line 1370.
Package xcolor Info: Model `Hsb' substituted by `hsb' on input line 1371.
Package xcolor Info: Model `tHsb' substituted by `hsb' on input line 1372.
Package xcolor Info: Model `HSB' substituted by `hsb' on input line 1373.
Package xcolor Info: Model `Gray' substituted by `gray' on input line 1374.
Package xcolor Info: Model `wave' substituted by `hsb' on input line 1375.
)
(c:/Users/balbu/AppData/Roaming/TinyTeX/texmf-dist/tex/latex/hyperref/hyperref.
sty
Package: hyperref 2021-06-07 v7.00m Hypertext links for LaTeX

(c:/Users/balbu/AppData/Roaming/TinyTeX/texmf-dist/tex/generic/ltxcmds/ltxcmds.
sty
Package: ltxcmds 2020-05-10 v1.25 LaTeX kernel commands for general use (HO)
)
(c:/Users/balbu/AppData/Roaming/TinyTeX/texmf-dist/tex/generic/pdftexcmds/pdfte
xcmds.sty
Package: pdftexcmds 2020-06-27 v0.33 Utility functions of pdfTeX for LuaTeX (HO
)

(c:/Users/balbu/AppData/Roaming/TinyTeX/texmf-dist/tex/generic/infwarerr/infwar
err.sty
Package: infwarerr 2019/12/03 v1.5 Providing info/warning/error messages (HO)
)
Package pdftexcmds Info: \pdf@primitive is available.
Package pdftexcmds Info: \pdf@ifprimitive is available.
Package pdftexcmds Info: \pdfdraftmode not found.
)
(c:/Users/balbu/AppData/Roaming/TinyTeX/texmf-dist/tex/latex/graphics/keyval.st
y
Package: keyval 2014/10/28 v1.15 key=value parser (DPC)
\KV@toks@=\toks21
)
(c:/Users/balbu/AppData/Roaming/TinyTeX/texmf-dist/tex/generic/kvsetkeys/kvsetk
eys.sty
Package: kvsetkeys 2019/12/15 v1.18 Key value parser (HO)
)
(c:/Users/balbu/AppData/Roaming/TinyTeX/texmf-dist/tex/generic/kvdefinekeys/kvd
efinekeys.sty
Package: kvdefinekeys 2019-12-19 v1.6 Define keys (HO)
)
(c:/Users/balbu/AppData/Roaming/TinyTeX/texmf-dist/tex/generic/pdfescape/pdfesc
ape.sty
Package: pdfescape 2019/12/09 v1.15 Implements pdfTeX's escape features (HO)
)
(c:/Users/balbu/AppData/Roaming/TinyTeX/texmf-dist/tex/latex/hycolor/hycolor.st
y
Package: hycolor 2020-01-27 v1.10 Color options for hyperref/bookmark (HO)
)
(c:/Users/balbu/AppData/Roaming/TinyTeX/texmf-dist/tex/latex/letltxmacro/letltx
macro.sty
Package: letltxmacro 2019/12/03 v1.6 Let assignment for LaTeX macros (HO)
)
(c:/Users/balbu/AppData/Roaming/TinyTeX/texmf-dist/tex/latex/auxhook/auxhook.st
y
Package: auxhook 2019-12-17 v1.6 Hooks for auxiliary files (HO)
)
(c:/Users/balbu/AppData/Roaming/TinyTeX/texmf-dist/tex/latex/kvoptions/kvoption
s.sty
Package: kvoptions 2020-10-07 v3.14 Key value format for package options (HO)
)
\@linkdim=\dimen151
\Hy@linkcounter=\count287
\Hy@pagecounter=\count288

(c:/Users/balbu/AppData/Roaming/TinyTeX/texmf-dist/tex/latex/hyperref/pd1enc.de
f
File: pd1enc.def 2021-06-07 v7.00m Hyperref: PDFDocEncoding definition (HO)
)
(c:/Users/balbu/AppData/Roaming/TinyTeX/texmf-dist/tex/latex/hyperref/hyperref-
langpatches.def
File: hyperref-langpatches.def 2021-06-07 v7.00m Hyperref: patches for babel la
nguages
)
(c:/Users/balbu/AppData/Roaming/TinyTeX/texmf-dist/tex/generic/intcalc/intcalc.
sty
Package: intcalc 2019/12/15 v1.3 Expandable calculations with integers (HO)
)
(c:/Users/balbu/AppData/Roaming/TinyTeX/texmf-dist/tex/generic/etexcmds/etexcmd
s.sty
Package: etexcmds 2019/12/15 v1.7 Avoid name clashes with e-TeX commands (HO)
)
\Hy@SavedSpaceFactor=\count289

(c:/Users/balbu/AppData/Roaming/TinyTeX/texmf-dist/tex/latex/hyperref/puenc.def
File: puenc.def 2021-06-07 v7.00m Hyperref: PDF Unicode definition (HO)
)
Package hyperref Info: Option `unicode' set `true' on input line 4073.
Package hyperref Info: Hyper figures OFF on input line 4192.
Package hyperref Info: Link nesting OFF on input line 4197.
Package hyperref Info: Hyper index ON on input line 4200.
Package hyperref Info: Plain pages OFF on input line 4207.
Package hyperref Info: Backreferencing OFF on input line 4212.
Package hyperref Info: Implicit mode ON; LaTeX internals redefined.
Package hyperref Info: Bookmarks ON on input line 4445.
\c@Hy@tempcnt=\count290
(c:/Users/balbu/AppData/Roaming/TinyTeX/texmf-dist/tex/latex/url/url.sty
\Urlmuskip=\muskip18
Package: url 2013/09/16  ver 3.4  Verb mode for urls, etc.
)
LaTeX Info: Redefining \url on input line 4804.
\XeTeXLinkMargin=\dimen152

(c:/Users/balbu/AppData/Roaming/TinyTeX/texmf-dist/tex/generic/bitset/bitset.st
y
Package: bitset 2019/12/09 v1.3 Handle bit-vector datatype (HO)

(c:/Users/balbu/AppData/Roaming/TinyTeX/texmf-dist/tex/generic/bigintcalc/bigin
tcalc.sty
Package: bigintcalc 2019/12/15 v1.5 Expandable calculations on big integers (HO
)
))
\Fld@menulength=\count291
\Field@Width=\dimen153
\Fld@charsize=\dimen154
Package hyperref Info: Hyper figures OFF on input line 6076.
Package hyperref Info: Link nesting OFF on input line 6081.
Package hyperref Info: Hyper index ON on input line 6084.
Package hyperref Info: backreferencing OFF on input line 6091.
Package hyperref Info: Link coloring OFF on input line 6096.
Package hyperref Info: Link coloring with OCG OFF on input line 6101.
Package hyperref Info: PDF/A mode OFF on input line 6106.
LaTeX Info: Redefining \ref on input line 6146.
LaTeX Info: Redefining \pageref on input line 6150.

(c:/Users/balbu/AppData/Roaming/TinyTeX/texmf-dist/tex/latex/base/atbegshi-ltx.
sty
Package: atbegshi-ltx 2021/01/10 v1.0c Emulation of the original atbegshi
package with kernel methods
)
\Hy@abspage=\count292
\c@Item=\count293
\c@Hfootnote=\count294
)
Package hyperref Info: Driver (autodetected): hxetex.

(c:/Users/balbu/AppData/Roaming/TinyTeX/texmf-dist/tex/latex/hyperref/hxetex.de
f
File: hxetex.def 2021-06-07 v7.00m Hyperref driver for XeTeX

(c:/Users/balbu/AppData/Roaming/TinyTeX/texmf-dist/tex/generic/stringenc/string
enc.sty
Package: stringenc 2019/11/29 v1.12 Convert strings between diff. encodings (HO
)
)
\pdfm@box=\box53
\c@Hy@AnnotLevel=\count295
\HyField@AnnotCount=\count296
\Fld@listcount=\count297
\c@bookmark@seq@number=\count298

(c:/Users/balbu/AppData/Roaming/TinyTeX/texmf-dist/tex/latex/rerunfilecheck/rer
unfilecheck.sty
Package: rerunfilecheck 2019/12/05 v1.9 Rerun checks for auxiliary files (HO)

(c:/Users/balbu/AppData/Roaming/TinyTeX/texmf-dist/tex/latex/base/atveryend-ltx
.sty
Package: atveryend-ltx 2020/08/19 v1.0a Emulation of the original atveryend pac
kage
with kernel methods
)
(c:/Users/balbu/AppData/Roaming/TinyTeX/texmf-dist/tex/generic/uniquecounter/un
iquecounter.sty
Package: uniquecounter 2019/12/15 v1.4 Provide unlimited unique counter (HO)
)
Package uniquecounter Info: New unique counter `rerunfilecheck' on input line 2
86.
)
\Hy@SectionHShift=\skip52
)
(c:/Users/balbu/AppData/Roaming/TinyTeX/texmf-dist/tex/latex/fancyvrb/fancyvrb.
sty
Package: fancyvrb 2021/10/15 v3.9 verbatim text (tvz,hv)
\FV@CodeLineNo=\count299
\FV@InFile=\read2
\FV@TabBox=\box54
\c@FancyVerbLine=\count300
\FV@StepNumber=\count301
\FV@OutFile=\write3
) (c:/Users/balbu/AppData/Roaming/TinyTeX/texmf-dist/tex/latex/framed/framed.st
y
Package: framed 2011/10/22 v 0.96: framed or shaded text with page breaks
\OuterFrameSep=\skip53
\fb@frw=\dimen155
\fb@frh=\dimen156
\FrameRule=\dimen157
\FrameSep=\dimen158
)
(c:/Users/balbu/AppData/Roaming/TinyTeX/texmf-dist/tex/latex/tools/longtable.st
y
Package: longtable 2021-09-01 v4.17 Multi-page Table package (DPC)
\LTleft=\skip54
\LTright=\skip55
\LTpre=\skip56
\LTpost=\skip57
\LTchunksize=\count302
\LTcapwidth=\dimen159
\LT@head=\box55
\LT@firsthead=\box56
\LT@foot=\box57
\LT@lastfoot=\box58
\LT@gbox=\box59
\LT@cols=\count303
\LT@rows=\count304
\c@LT@tables=\count305
\c@LT@chunks=\count306
\LT@p@ftn=\toks22
)
(c:/Users/balbu/AppData/Roaming/TinyTeX/texmf-dist/tex/latex/booktabs/booktabs.
sty
Package: booktabs 2020/01/12 v1.61803398 Publication quality tables
\heavyrulewidth=\dimen160
\lightrulewidth=\dimen161
\cmidrulewidth=\dimen162
\belowrulesep=\dimen163
\belowbottomsep=\dimen164
\aboverulesep=\dimen165
\abovetopsep=\dimen166
\cmidrulesep=\dimen167
\cmidrulekern=\dimen168
\defaultaddspace=\dimen169
\@cmidla=\count307
\@cmidlb=\count308
\@aboverulesep=\dimen170
\@belowrulesep=\dimen171
\@thisruleclass=\count309
\@lastruleclass=\count310
\@thisrulewidth=\dimen172
) (c:/Users/balbu/AppData/Roaming/TinyTeX/texmf-dist/tex/latex/tools/array.sty
Package: array 2021/10/04 v2.5f Tabular extension package (FMi)
\col@sep=\dimen173
\ar@mcellbox=\box60
\extrarowheight=\dimen174
\NC@list=\toks23
\extratabsurround=\skip58
\backup@length=\skip59
\ar@cellbox=\box61
) (c:/Users/balbu/AppData/Roaming/TinyTeX/texmf-dist/tex/latex/tools/calc.sty
Package: calc 2017/05/25 v4.3 Infix arithmetic (KKT,FJ)
\calc@Acount=\count311
\calc@Bcount=\count312
\calc@Adimen=\dimen175
\calc@Bdimen=\dimen176
\calc@Askip=\skip60
\calc@Bskip=\skip61
LaTeX Info: Redefining \setlength on input line 80.
LaTeX Info: Redefining \addtolength on input line 81.
\calc@Ccount=\count313
\calc@Cskip=\skip62
)
(c:/Users/balbu/AppData/Roaming/TinyTeX/texmf-dist/tex/latex/etoolbox/etoolbox.
sty
Package: etoolbox 2020/10/05 v2.5k e-TeX tools for LaTeX (JAW)
\etb@tempcnta=\count314
)
(c:/Users/balbu/AppData/Roaming/TinyTeX/texmf-dist/tex/latex/mdwtools/footnote.
sty
Package: footnote 1997/01/28 1.13 Save footnotes around boxes
\fn@notes=\box62
\fn@width=\dimen177
)
(c:/Users/balbu/AppData/Roaming/TinyTeX/texmf-dist/tex/latex/graphics/graphicx.
sty
Package: graphicx 2021/09/16 v1.2d Enhanced LaTeX Graphics (DPC,SPQR)

(c:/Users/balbu/AppData/Roaming/TinyTeX/texmf-dist/tex/latex/graphics/graphics.
sty
Package: graphics 2021/03/04 v1.4d Standard LaTeX Graphics (DPC,SPQR)
(c:/Users/balbu/AppData/Roaming/TinyTeX/texmf-dist/tex/latex/graphics/trig.sty
Package: trig 2021/08/11 v1.11 sin cos tan (DPC)
)
(c:/Users/balbu/AppData/Roaming/TinyTeX/texmf-dist/tex/latex/graphics-cfg/graph
ics.cfg
File: graphics.cfg 2016/06/04 v1.11 sample graphics configuration
)
Package graphics Info: Driver file: xetex.def on input line 107.
)
\Gin@req@height=\dimen178
\Gin@req@width=\dimen179
)
\cslhangindent=\skip63
\csllabelwidth=\skip64
\cslentryspacingunit=\skip65

(c:/Users/balbu/AppData/Roaming/TinyTeX/texmf-dist/tex/latex/multirow/multirow.
sty
Package: multirow 2021/03/15 v2.8 Span multiple rows of a table
\multirow@colwidth=\skip66
\multirow@cntb=\count315
\multirow@dima=\skip67
\bigstrutjot=\dimen180
)
(c:/Users/balbu/AppData/Roaming/TinyTeX/texmf-dist/tex/latex/wrapfig/wrapfig.st
y
\wrapoverhang=\dimen181
\WF@size=\dimen182
\c@WF@wrappedlines=\count316
\WF@box=\box63
\WF@everypar=\toks24
Package: wrapfig 2003/01/31  v 3.6
) (c:/Users/balbu/AppData/Roaming/TinyTeX/texmf-dist/tex/latex/float/float.sty
Package: float 2001/11/08 v1.3d Float enhancements (AL)
\c@float@type=\count317
\float@exts=\toks25
\float@box=\box64
\@float@everytoks=\toks26
\@floatcapt=\box65
)
(c:/Users/balbu/AppData/Roaming/TinyTeX/texmf-dist/tex/latex/colortbl/colortbl.
sty
Package: colortbl 2020/01/04 v1.0e Color table columns (DPC)
\everycr=\toks27
\minrowclearance=\skip68
)
(c:/Users/balbu/AppData/Roaming/TinyTeX/texmf-dist/tex/latex/pdflscape/pdflscap
e.sty
Package: pdflscape 2019/12/05 v0.12 Display of landscape pages in PDF (HO)

(c:/Users/balbu/AppData/Roaming/TinyTeX/texmf-dist/tex/latex/graphics/lscape.st
y
Package: lscape 2020/05/28 v3.02 Landscape Pages (DPC)
)
Package pdflscape Info: Auto-detected driver: dvipdfm (xetex) on input line 98.

) (c:/Users/balbu/AppData/Roaming/TinyTeX/texmf-dist/tex/latex/tabu/tabu.sty
Package: tabu 2019/01/11 v2.9 - flexible LaTeX tabulars (FC+tabu-fixed)

(c:/Users/balbu/AppData/Roaming/TinyTeX/texmf-dist/tex/latex/varwidth/varwidth.
sty
Package: varwidth 2009/03/30 ver 0.92;  Variable-width minipages
\@vwid@box=\box66
\sift@deathcycles=\count318
\@vwid@loff=\dimen183
\@vwid@roff=\dimen184
)
\c@taburow=\count319
\tabu@nbcols=\count320
\tabu@cnt=\count321
\tabu@Xcol=\count322
\tabu@alloc=\count323
\tabu@nested=\count324
\tabu@target=\dimen185
\tabu@spreadtarget=\dimen186
\tabu@naturalX=\dimen187
\tabucolX=\dimen188
\tabu@Xsum=\dimen189
\extrarowdepth=\dimen190
\abovetabulinesep=\dimen191
\belowtabulinesep=\dimen192
\tabustrutrule=\dimen193
\tabu@thebody=\toks28
\tabu@footnotes=\toks29
\tabu@box=\box67
\tabu@arstrutbox=\box68
\tabu@hleads=\box69
\tabu@vleads=\box70
\tabu@cellskip=\skip69
)
(c:/Users/balbu/AppData/Roaming/TinyTeX/texmf-dist/tex/latex/threeparttable/thr
eeparttable.sty
Package: threeparttable 2003/06/13  v 3.0
\@tempboxb=\box71
)
(c:/Users/balbu/AppData/Roaming/TinyTeX/texmf-dist/tex/latex/threeparttablex/th
reeparttablex.sty
Package: threeparttablex 2013/07/23 v0.3 by daleif

(c:/Users/balbu/AppData/Roaming/TinyTeX/texmf-dist/tex/latex/environ/environ.st
y
Package: environ 2014/05/04 v0.3 A new way to define environments

(c:/Users/balbu/AppData/Roaming/TinyTeX/texmf-dist/tex/latex/trimspaces/trimspa
ces.sty
Package: trimspaces 2009/09/17 v1.1 Trim spaces around a token list
))
\TPTL@width=\skip70
) (c:/Users/balbu/AppData/Roaming/TinyTeX/texmf-dist/tex/generic/ulem/ulem.sty
\UL@box=\box72
\UL@hyphenbox=\box73
\UL@skip=\skip71
\UL@hook=\toks30
\UL@height=\dimen194
\UL@pe=\count325
\UL@pixel=\dimen195
\ULC@box=\box74
Package: ulem 2019/11/18
\ULdepth=\dimen196
)
(c:/Users/balbu/AppData/Roaming/TinyTeX/texmf-dist/tex/latex/makecell/makecell.
sty
Package: makecell 2009/08/03 V0.1e Managing of Tab Column Heads and Cells
\rotheadsize=\dimen197
\c@nlinenum=\count326
\TeXr@lab=\toks31
) (./_main.aux

LaTeX Warning: Label `tab:statex-ranks' multiply defined.

)
\openout1 = `_main.aux'.

LaTeX Font Info:    Checking defaults for OML/cmm/m/it on input line 157.
LaTeX Font Info:    ... okay on input line 157.
LaTeX Font Info:    Checking defaults for OMS/cmsy/m/n on input line 157.
LaTeX Font Info:    ... okay on input line 157.
LaTeX Font Info:    Checking defaults for OT1/cmr/m/n on input line 157.
LaTeX Font Info:    ... okay on input line 157.
LaTeX Font Info:    Checking defaults for T1/cmr/m/n on input line 157.
LaTeX Font Info:    ... okay on input line 157.
LaTeX Font Info:    Checking defaults for TS1/cmr/m/n on input line 157.
LaTeX Font Info:    ... okay on input line 157.
LaTeX Font Info:    Checking defaults for TU/lmr/m/n on input line 157.
LaTeX Font Info:    ... okay on input line 157.
LaTeX Font Info:    Checking defaults for OMX/cmex/m/n on input line 157.
LaTeX Font Info:    ... okay on input line 157.
LaTeX Font Info:    Checking defaults for U/cmr/m/n on input line 157.
LaTeX Font Info:    ... okay on input line 157.
LaTeX Font Info:    Checking defaults for PD1/pdf/m/n on input line 157.
LaTeX Font Info:    ... okay on input line 157.
LaTeX Font Info:    Checking defaults for PU/pdf/m/n on input line 157.
LaTeX Font Info:    ... okay on input line 157.
LaTeX Font Info:    Overwriting math alphabet `\mathrm' in version `normal'
(Font)                  OT1/lmr/m/n --> TU/lmr/m/n on input line 157.
LaTeX Font Info:    Overwriting math alphabet `\mathit' in version `normal'
(Font)                  OT1/lmr/m/it --> TU/lmr/m/it on input line 157.
LaTeX Font Info:    Overwriting math alphabet `\mathbf' in version `normal'
(Font)                  OT1/lmr/bx/n --> TU/lmr/bx/n on input line 157.
LaTeX Font Info:    Overwriting math alphabet `\mathsf' in version `normal'
(Font)                  OT1/lmss/m/n --> TU/lmss/m/n on input line 157.
LaTeX Font Info:    Overwriting math alphabet `\mathsf' in version `bold'
(Font)                  OT1/lmss/bx/n --> TU/lmss/bx/n on input line 157.
LaTeX Font Info:    Overwriting math alphabet `\mathtt' in version `normal'
(Font)                  OT1/lmtt/m/n --> TU/lmtt/m/n on input line 157.
LaTeX Font Info:    Overwriting math alphabet `\mathtt' in version `bold'
(Font)                  OT1/lmtt/m/n --> TU/lmtt/bx/n on input line 157.

Package fontspec Info: latinmodern-math scale = 0.9999964596882403.


Package fontspec Info: latinmodern-math scale = 0.9999964596882403.


Package fontspec Info: latinmodern-math scale = 0.9999964596882403.


Package fontspec Info: Font family 'latinmodern-math.otf(0)' created for font
(fontspec)             'latinmodern-math.otf' with options
(fontspec)             [Scale=MatchLowercase,BoldItalicFont={},ItalicFont={},Sm
allCapsFont={},Script=Math,BoldFont={latinmodern-math.otf}].
(fontspec)              
(fontspec)              This font family consists of the following NFSS
(fontspec)             series/shapes:
(fontspec)              
(fontspec)             - 'normal' (m/n) with NFSS spec.:
(fontspec)             <->s*[0.9999964596882403]"[latinmodern-math.otf]/OT:scri
pt=math;language=dflt;"
(fontspec)             - 'small caps'  (m/sc) with NFSS spec.: 
(fontspec)             - 'bold' (b/n) with NFSS spec.:
(fontspec)             <->s*[0.9999964596882403]"[latinmodern-math.otf]/OT:scri
pt=math;language=dflt;"
(fontspec)             - 'bold small caps'  (b/sc) with NFSS spec.: 

LaTeX Font Info:    Font shape `TU/latinmodern-math.otf(0)/m/n' will be
(Font)              scaled to size 10.0pt on input line 157.

Package fontspec Info: latinmodern-math scale = 0.9999964596882403.


Package fontspec Info: latinmodern-math scale = 0.9999964596882403.


Package fontspec Info: latinmodern-math scale = 0.9999964596882403.


Package fontspec Info: latinmodern-math scale = 0.9999964596882403.


Package fontspec Info: latinmodern-math scale = 0.9999964596882403.


Package fontspec Info: Font family 'latinmodern-math.otf(1)' created for font
(fontspec)             'latinmodern-math.otf' with options
(fontspec)             [Scale=MatchLowercase,BoldItalicFont={},ItalicFont={},Sm
allCapsFont={},Script=Math,SizeFeatures={{Size=8.5-},{Size=6-8.5,Font=latinmode
rn-math.otf,Style=MathScript},{Size=-6,Font=latinmodern-math.otf,Style=MathScri
ptScript}},BoldFont={latinmodern-math.otf}].
(fontspec)              
(fontspec)              This font family consists of the following NFSS
(fontspec)             series/shapes:
(fontspec)              
(fontspec)             - 'normal' (m/n) with NFSS spec.:
(fontspec)             <8.5->s*[0.9999964596882403]"[latinmodern-math.otf]/OT:s
cript=math;language=dflt;"<6-8.5>s*[0.9999964596882403]"[latinmodern-math.otf]/
OT:script=math;language=dflt;+ssty=0;"<-6>s*[0.9999964596882403]"[latinmodern-m
ath.otf]/OT:script=math;language=dflt;+ssty=1;"
(fontspec)             - 'small caps'  (m/sc) with NFSS spec.: 
(fontspec)             - 'bold' (b/n) with NFSS spec.:
(fontspec)             <->s*[0.9999964596882403]"[latinmodern-math.otf]/OT:scri
pt=math;language=dflt;"
(fontspec)             - 'bold small caps'  (b/sc) with NFSS spec.: 

LaTeX Font Info:    Font shape `TU/latinmodern-math.otf(1)/m/n' will be
(Font)              scaled to size 10.0pt on input line 157.
LaTeX Font Info:    Encoding `OT1' has changed to `TU' for symbol font
(Font)              `operators' in the math version `normal' on input line 157.

LaTeX Font Info:    Overwriting symbol font `operators' in version `normal'
(Font)                  OT1/lmr/m/n --> TU/latinmodern-math.otf(1)/m/n on input
 line 157.
LaTeX Font Info:    Encoding `OT1' has changed to `TU' for symbol font
(Font)              `operators' in the math version `bold' on input line 157.
LaTeX Font Info:    Overwriting symbol font `operators' in version `bold'
(Font)                  OT1/lmr/bx/n --> TU/latinmodern-math.otf(1)/b/n on inpu
t line 157.

Package fontspec Info: latinmodern-math scale = 0.9999964596882403.


Package fontspec Info: latinmodern-math scale = 1.000096459334209.


Package fontspec Info: latinmodern-math scale = 0.9999964596882403.


Package fontspec Info: latinmodern-math scale = 1.000096459334209.


Package fontspec Info: latinmodern-math scale = 0.9999964596882403.


Package fontspec Info: latinmodern-math scale = 1.000096459334209.


Package fontspec Info: latinmodern-math scale = 0.9999964596882403.


Package fontspec Info: latinmodern-math scale = 1.000096459334209.


Package fontspec Info: latinmodern-math scale = 0.9999964596882403.


Package fontspec Info: latinmodern-math scale = 1.000096459334209.


Package fontspec Info: Font family 'latinmodern-math.otf(2)' created for font
(fontspec)             'latinmodern-math.otf' with options
(fontspec)             [Scale=MatchLowercase,BoldItalicFont={},ItalicFont={},Sm
allCapsFont={},Script=Math,SizeFeatures={{Size=8.5-},{Size=6-8.5,Font=latinmode
rn-math.otf,Style=MathScript},{Size=-6,Font=latinmodern-math.otf,Style=MathScri
ptScript}},BoldFont={latinmodern-math.otf},ScaleAgain=1.0001,FontAdjustment={\f
ontdimen
(fontspec)             8\font =6.77pt\relax \fontdimen 9\font =3.94pt\relax
(fontspec)             \fontdimen 10\font =4.44pt\relax \fontdimen 11\font
(fontspec)             =6.86pt\relax \fontdimen 12\font =3.45pt\relax
(fontspec)             \fontdimen 13\font =3.63pt\relax \fontdimen 14\font
(fontspec)             =3.63pt\relax \fontdimen 15\font =2.89pt\relax
(fontspec)             \fontdimen 16\font =2.47pt\relax \fontdimen 17\font
(fontspec)             =2.47pt\relax \fontdimen 18\font =2.5pt\relax
(fontspec)             \fontdimen 19\font =2.0pt\relax \fontdimen 22\font
(fontspec)             =2.5pt\relax \fontdimen 20\font =0pt\relax \fontdimen
(fontspec)             21\font =0pt\relax }].
(fontspec)              
(fontspec)              This font family consists of the following NFSS
(fontspec)             series/shapes:
(fontspec)              
(fontspec)             - 'normal' (m/n) with NFSS spec.:
(fontspec)             <8.5->s*[1.000096459334209]"[latinmodern-math.otf]/OT:sc
ript=math;language=dflt;"<6-8.5>s*[1.000096459334209]"[latinmodern-math.otf]/OT
:script=math;language=dflt;+ssty=0;"<-6>s*[1.000096459334209]"[latinmodern-math
.otf]/OT:script=math;language=dflt;+ssty=1;"
(fontspec)             - 'small caps'  (m/sc) with NFSS spec.: 
(fontspec)             and font adjustment code:
(fontspec)             \fontdimen 8\font =6.77pt\relax \fontdimen 9\font
(fontspec)             =3.94pt\relax \fontdimen 10\font =4.44pt\relax
(fontspec)             \fontdimen 11\font =6.86pt\relax \fontdimen 12\font
(fontspec)             =3.45pt\relax \fontdimen 13\font =3.63pt\relax
(fontspec)             \fontdimen 14\font =3.63pt\relax \fontdimen 15\font
(fontspec)             =2.89pt\relax \fontdimen 16\font =2.47pt\relax
(fontspec)             \fontdimen 17\font =2.47pt\relax \fontdimen 18\font
(fontspec)             =2.5pt\relax \fontdimen 19\font =2.0pt\relax \fontdimen
(fontspec)             22\font =2.5pt\relax \fontdimen 20\font =0pt\relax
(fontspec)             \fontdimen 21\font =0pt\relax 
(fontspec)             - 'bold' (b/n) with NFSS spec.:
(fontspec)             <->s*[1.000096459334209]"[latinmodern-math.otf]/OT:scrip
t=math;language=dflt;"
(fontspec)             - 'bold small caps'  (b/sc) with NFSS spec.: 
(fontspec)             and font adjustment code:
(fontspec)             \fontdimen 8\font =6.77pt\relax \fontdimen 9\font
(fontspec)             =3.94pt\relax \fontdimen 10\font =4.44pt\relax
(fontspec)             \fontdimen 11\font =6.86pt\relax \fontdimen 12\font
(fontspec)             =3.45pt\relax \fontdimen 13\font =3.63pt\relax
(fontspec)             \fontdimen 14\font =3.63pt\relax \fontdimen 15\font
(fontspec)             =2.89pt\relax \fontdimen 16\font =2.47pt\relax
(fontspec)             \fontdimen 17\font =2.47pt\relax \fontdimen 18\font
(fontspec)             =2.5pt\relax \fontdimen 19\font =2.0pt\relax \fontdimen
(fontspec)             22\font =2.5pt\relax \fontdimen 20\font =0pt\relax
(fontspec)             \fontdimen 21\font =0pt\relax 

LaTeX Font Info:    Encoding `OMS' has changed to `TU' for symbol font
(Font)              `symbols' in the math version `normal' on input line 157.
LaTeX Font Info:    Overwriting symbol font `symbols' in version `normal'
(Font)                  OMS/lmsy/m/n --> TU/latinmodern-math.otf(2)/m/n on inpu
t line 157.
LaTeX Font Info:    Encoding `OMS' has changed to `TU' for symbol font
(Font)              `symbols' in the math version `bold' on input line 157.
LaTeX Font Info:    Overwriting symbol font `symbols' in version `bold'
(Font)                  OMS/lmsy/b/n --> TU/latinmodern-math.otf(2)/b/n on inpu
t line 157.

Package fontspec Info: latinmodern-math scale = 0.9999964596882403.


Package fontspec Info: latinmodern-math scale = 0.9998964600422715.


Package fontspec Info: latinmodern-math scale = 0.9999964596882403.


Package fontspec Info: latinmodern-math scale = 0.9998964600422715.


Package fontspec Info: latinmodern-math scale = 0.9999964596882403.


Package fontspec Info: latinmodern-math scale = 0.9998964600422715.


Package fontspec Info: latinmodern-math scale = 0.9999964596882403.


Package fontspec Info: latinmodern-math scale = 0.9998964600422715.


Package fontspec Info: latinmodern-math scale = 0.9999964596882403.


Package fontspec Info: latinmodern-math scale = 0.9998964600422715.


Package fontspec Info: Font family 'latinmodern-math.otf(3)' created for font
(fontspec)             'latinmodern-math.otf' with options
(fontspec)             [Scale=MatchLowercase,BoldItalicFont={},ItalicFont={},Sm
allCapsFont={},Script=Math,SizeFeatures={{Size=8.5-},{Size=6-8.5,Font=latinmode
rn-math.otf,Style=MathScript},{Size=-6,Font=latinmodern-math.otf,Style=MathScri
ptScript}},BoldFont={latinmodern-math.otf},ScaleAgain=0.9999,FontAdjustment={\f
ontdimen
(fontspec)             8\font =0.4pt\relax \fontdimen 9\font =2.0pt\relax
(fontspec)             \fontdimen 10\font =1.67pt\relax \fontdimen 11\font
(fontspec)             =1.11pt\relax \fontdimen 12\font =6.0pt\relax
(fontspec)             \fontdimen 13\font =0pt\relax }].
(fontspec)              
(fontspec)              This font family consists of the following NFSS
(fontspec)             series/shapes:
(fontspec)              
(fontspec)             - 'normal' (m/n) with NFSS spec.:
(fontspec)             <8.5->s*[0.9998964600422715]"[latinmodern-math.otf]/OT:s
cript=math;language=dflt;"<6-8.5>s*[0.9998964600422715]"[latinmodern-math.otf]/
OT:script=math;language=dflt;+ssty=0;"<-6>s*[0.9998964600422715]"[latinmodern-m
ath.otf]/OT:script=math;language=dflt;+ssty=1;"
(fontspec)             - 'small caps'  (m/sc) with NFSS spec.: 
(fontspec)             and font adjustment code:
(fontspec)             \fontdimen 8\font =0.4pt\relax \fontdimen 9\font
(fontspec)             =2.0pt\relax \fontdimen 10\font =1.67pt\relax
(fontspec)             \fontdimen 11\font =1.11pt\relax \fontdimen 12\font
(fontspec)             =6.0pt\relax \fontdimen 13\font =0pt\relax 
(fontspec)             - 'bold' (b/n) with NFSS spec.:
(fontspec)             <->s*[0.9998964600422715]"[latinmodern-math.otf]/OT:scri
pt=math;language=dflt;"
(fontspec)             - 'bold small caps'  (b/sc) with NFSS spec.: 
(fontspec)             and font adjustment code:
(fontspec)             \fontdimen 8\font =0.4pt\relax \fontdimen 9\font
(fontspec)             =2.0pt\relax \fontdimen 10\font =1.67pt\relax
(fontspec)             \fontdimen 11\font =1.11pt\relax \fontdimen 12\font
(fontspec)             =6.0pt\relax \fontdimen 13\font =0pt\relax 

LaTeX Font Info:    Encoding `OMX' has changed to `TU' for symbol font
(Font)              `largesymbols' in the math version `normal' on input line 1
57.
LaTeX Font Info:    Overwriting symbol font `largesymbols' in version `normal'
(Font)                  OMX/lmex/m/n --> TU/latinmodern-math.otf(3)/m/n on inpu
t line 157.
LaTeX Font Info:    Encoding `OMX' has changed to `TU' for symbol font
(Font)              `largesymbols' in the math version `bold' on input line 157
.
LaTeX Font Info:    Overwriting symbol font `largesymbols' in version `bold'
(Font)                  OMX/lmex/m/n --> TU/latinmodern-math.otf(3)/b/n on inpu
t line 157.
Package hyperref Info: Link coloring OFF on input line 157.

(c:/Users/balbu/AppData/Roaming/TinyTeX/texmf-dist/tex/latex/hyperref/nameref.s
ty
Package: nameref 2021-04-02 v2.47 Cross-referencing by name of section

(c:/Users/balbu/AppData/Roaming/TinyTeX/texmf-dist/tex/latex/refcount/refcount.
sty
Package: refcount 2019/12/15 v3.6 Data extraction from label references (HO)
)
(c:/Users/balbu/AppData/Roaming/TinyTeX/texmf-dist/tex/generic/gettitlestring/g
ettitlestring.sty
Package: gettitlestring 2019/12/15 v1.6 Cleanup title references (HO)
)
\c@section@level=\count327
)
LaTeX Info: Redefining \ref on input line 157.
LaTeX Info: Redefining \pageref on input line 157.
LaTeX Info: Redefining \nameref on input line 157.
(./_main.out) (./_main.out)
\@outlinefile=\write4
\openout4 = `_main.out'.

LaTeX Font Info:    Font shape `TU/latinmodern-math.otf(1)/m/n' will be
(Font)              scaled to size 12.0pt on input line 159.
LaTeX Font Info:    Font shape `TU/latinmodern-math.otf(1)/m/n' will be
(Font)              scaled to size 8.0pt on input line 159.
LaTeX Font Info:    Font shape `TU/latinmodern-math.otf(1)/m/n' will be
(Font)              scaled to size 6.0pt on input line 159.
LaTeX Font Info:    Trying to load font information for OML+lmm on input line 1
59.
(c:/Users/balbu/AppData/Roaming/TinyTeX/texmf-dist/tex/latex/lm/omllmm.fd
File: omllmm.fd 2015/05/01 v1.6.1 Font defs for Latin Modern
)
LaTeX Font Info:    Font shape `TU/latinmodern-math.otf(2)/m/n' will be
(Font)              scaled to size 12.0011pt on input line 159.
LaTeX Font Info:    Font shape `TU/latinmodern-math.otf(2)/m/n' will be
(Font)              scaled to size 8.00073pt on input line 159.
LaTeX Font Info:    Font shape `TU/latinmodern-math.otf(2)/m/n' will be
(Font)              scaled to size 6.00055pt on input line 159.
LaTeX Font Info:    Font shape `TU/latinmodern-math.otf(3)/m/n' will be
(Font)              scaled to size 11.99872pt on input line 159.
LaTeX Font Info:    Font shape `TU/latinmodern-math.otf(3)/m/n' will be
(Font)              scaled to size 7.99915pt on input line 159.
LaTeX Font Info:    Font shape `TU/latinmodern-math.otf(3)/m/n' will be
(Font)              scaled to size 5.99936pt on input line 159.
LaTeX Font Info:    Trying to load font information for U+msa on input line 159
.
(c:/Users/balbu/AppData/Roaming/TinyTeX/texmf-dist/tex/latex/amsfonts/umsa.fd
File: umsa.fd 2013/01/14 v3.01 AMS symbols A
)
LaTeX Font Info:    Trying to load font information for U+msb on input line 159
.
(c:/Users/balbu/AppData/Roaming/TinyTeX/texmf-dist/tex/latex/amsfonts/umsb.fd
File: umsb.fd 2013/01/14 v3.01 AMS symbols B
) [1


] [2

] (./_main.toc
LaTeX Font Info:    Font shape `TU/latinmodern-math.otf(1)/m/n' will be
(Font)              scaled to size 7.0pt on input line 5.
LaTeX Font Info:    Font shape `TU/latinmodern-math.otf(1)/m/n' will be
(Font)              scaled to size 5.0pt on input line 5.
LaTeX Font Info:    Font shape `TU/latinmodern-math.otf(2)/m/n' will be
(Font)              scaled to size 10.00092pt on input line 5.
LaTeX Font Info:    Font shape `TU/latinmodern-math.otf(2)/m/n' will be
(Font)              scaled to size 7.00064pt on input line 5.
LaTeX Font Info:    Font shape `TU/latinmodern-math.otf(2)/m/n' will be
(Font)              scaled to size 5.00046pt on input line 5.
LaTeX Font Info:    Font shape `TU/latinmodern-math.otf(3)/m/n' will be
(Font)              scaled to size 9.99893pt on input line 5.
LaTeX Font Info:    Font shape `TU/latinmodern-math.otf(3)/m/n' will be
(Font)              scaled to size 6.99925pt on input line 5.
LaTeX Font Info:    Font shape `TU/latinmodern-math.otf(3)/m/n' will be
(Font)              scaled to size 4.99947pt on input line 5.
[3])
\tf@toc=\write5
\openout5 = `_main.toc'.

[4]
Chapter 1.
File: 20210327_LS.png Graphic file (type bmp)
<20210327_LS.png>

Underfull \vbox (badness 10000) has occurred while \output is active []

[5

] [6]
Chapter 2.
[7

] [8]
Chapter 3.
[9

] [10

]
Chapter 4.

Overfull \hbox (46.71082pt too wide) in paragraph at lines 209--209
[]\TU/lmr/bx/n/24.88 Wahrscheinlichkeitsverteilungen  
 []

[11]
Underfull \hbox (badness 10000) in paragraph at lines 272--275

 []


Underfull \hbox (badness 10000) in paragraph at lines 291--293

 []


Underfull \hbox (badness 10000) in paragraph at lines 316--319

 []


Underfull \hbox (badness 10000) in paragraph at lines 322--324

 []

[12] [13]
Underfull \hbox (badness 10000) in paragraph at lines 375--379
\TU/lmr/m/n/10 (Merkmalsausprägungen) einer bestimmten Zufallsvariable (Beobach
-
 []

File: _main_files/figure-latex/normdist-fig-1.pdf Graphic file (type pdf)
<use _main_files/figure-latex/normdist-fig-1.pdf>

Underfull \hbox (badness 2529) in paragraph at lines 426--430
\TU/lmr/m/n/10 enkurve) eine zentrale Stellung ein. Diese symmetrische Wahrsche
in-
 []

[14]
File: _main_files/figure-latex/normal-iq-fig-1.pdf Graphic file (type pdf)
<use _main_files/figure-latex/normal-iq-fig-1.pdf>
[15]
File: _main_files/figure-latex/normal-14j-frauen-fig-1.pdf Graphic file (type p
df)
<use _main_files/figure-latex/normal-14j-frauen-fig-1.pdf>
[16] [17]
File: _main_files/figure-latex/normal-mean-influence-fig-1.pdf Graphic file (ty
pe pdf)
<use _main_files/figure-latex/normal-mean-influence-fig-1.pdf>
File: _main_files/figure-latex/normal-sd-influence-fig-1.pdf Graphic file (type
 pdf)
<use _main_files/figure-latex/normal-sd-influence-fig-1.pdf>
[18]
Underfull \vbox (badness 10000) has occurred while \output is active []

[19]
Underfull \hbox (badness 10000) in paragraph at lines 522--524

 []


Underfull \hbox (badness 10000) in paragraph at lines 524--526

 []


Underfull \hbox (badness 10000) in paragraph at lines 526--528

 []


Underfull \hbox (badness 10000) in paragraph at lines 541--543

 []


Underfull \hbox (badness 10000) in paragraph at lines 543--545

 []

File: _main_files/figure-latex/n699599-rule-fig-1.pdf Graphic file (type pdf)
<use _main_files/figure-latex/n699599-rule-fig-1.pdf>

Underfull \hbox (badness 10000) in paragraph at lines 562--564

 []


Underfull \hbox (badness 10000) in paragraph at lines 564--566

 []

[20]
Underfull \vbox (badness 10000) has occurred while \output is active []

[21]
Underfull \hbox (badness 10000) in paragraph at lines 588--590

 []

File: _main_files/figure-latex/apfel-rohdaten-fig-1.pdf Graphic file (type pdf)

<use _main_files/figure-latex/apfel-rohdaten-fig-1.pdf>
File: _main_files/figure-latex/apfel-z-werte-fig-1.pdf Graphic file (type pdf)
<use _main_files/figure-latex/apfel-z-werte-fig-1.pdf>
File: _main_files/figure-latex/flaeche-kleiner-z-fig-1.pdf Graphic file (type p
df)
<use _main_files/figure-latex/flaeche-kleiner-z-fig-1.pdf>
[22] [23]
File: _main_files/figure-latex/flaeche-groesser-z-fig-1.pdf Graphic file (type 
pdf)
<use _main_files/figure-latex/flaeche-groesser-z-fig-1.pdf>
[24]
File: _main_files/figure-latex/zwei-z-fig-1.pdf Graphic file (type pdf)
<use _main_files/figure-latex/zwei-z-fig-1.pdf>

Underfull \hbox (badness 10000) in paragraph at lines 703--705

 []

[25]
Underfull \hbox (badness 10000) in paragraph at lines 705--707

 []

File: _main_files/figure-latex/qq-norm-fig-1.pdf Graphic file (type pdf)
<use _main_files/figure-latex/qq-norm-fig-1.pdf>

Underfull \hbox (badness 10000) in paragraph at lines 741--743

 []


Underfull \hbox (badness 10000) in paragraph at lines 743--745

 []

File: _main_files/figure-latex/qq-leftskewed-fig-1.pdf Graphic file (type pdf)
<use _main_files/figure-latex/qq-leftskewed-fig-1.pdf>
[26]
Underfull \hbox (badness 10000) in paragraph at lines 762--764

 []


Underfull \hbox (badness 10000) in paragraph at lines 764--766

 []

File: _main_files/figure-latex/qq-rightskewed-fig-1.pdf Graphic file (type pdf)

<use _main_files/figure-latex/qq-rightskewed-fig-1.pdf>

Underfull \hbox (badness 10000) in paragraph at lines 783--785

 []


Underfull \hbox (badness 10000) in paragraph at lines 785--787

 []

File: _main_files/figure-latex/qq-small-sample-fig-1.pdf Graphic file (type pdf
)
<use _main_files/figure-latex/qq-small-sample-fig-1.pdf>
File: _main_files/figure-latex/qq-real-1.pdf Graphic file (type pdf)
<use _main_files/figure-latex/qq-real-1.pdf>
[27] [28]
Underfull \hbox (badness 10000) in paragraph at lines 827--829

 []

LaTeX Font Info:    Font shape `TU/latinmodern-math.otf(1)/m/n' will be
(Font)              scaled to size 14.4pt on input line 833.
LaTeX Font Info:    Font shape `TU/latinmodern-math.otf(2)/m/n' will be
(Font)              scaled to size 14.4013pt on input line 833.
LaTeX Font Info:    Font shape `TU/latinmodern-math.otf(3)/m/n' will be
(Font)              scaled to size 14.39845pt on input line 833.
[29]
File: _main_files/figure-latex/t-distribution-fig-1.pdf Graphic file (type pdf)

<use _main_files/figure-latex/t-distribution-fig-1.pdf>

Underfull \hbox (badness 10000) in paragraph at lines 853--855

 []


Underfull \hbox (badness 10000) in paragraph at lines 855--857

 []


Underfull \hbox (badness 10000) in paragraph at lines 857--859

 []

[30] [31] [32

]
Chapter 5.

Underfull \hbox (badness 10000) in paragraph at lines 881--883

 []


Underfull \hbox (badness 1297) in paragraph at lines 883--885
\TU/lmr/m/n/10 wie Mittelwert, Median, Standardabweichung, Quartilsabstand oder

 []


Underfull \hbox (badness 10000) in paragraph at lines 883--885

 []


Underfull \hbox (badness 10000) in paragraph at lines 893--895

 []

[33]
Underfull \hbox (badness 10000) in paragraph at lines 895--897

 []


Underfull \hbox (badness 10000) in paragraph at lines 897--899

 []

[34]
Underfull \hbox (badness 1688) in paragraph at lines 935--937
\TU/lmr/m/n/10 prozentualen Anteil von Zufallsstichproben, die Vertrauensinterv
alle
 []

Missing character: There is no ä ("E4) in font lmmi10!
[35]
Underfull \hbox (badness 10000) in paragraph at lines 1011--1013

 []


Underfull \hbox (badness 1189) in paragraph at lines 1028--1030
[]\TU/lmr/m/n/10 Verstehe den \TU/lmr/bx/n/10 Nullwert \TU/lmr/m/n/10 als den W
ert eines Populationsparameters,
 []

[36]
Missing character: There is no ü ("FC) in font lmmi10!
Missing character: There is no ö ("F6) in font lmmi10!

Overfull \hbox (6.35904pt too wide) detected at line 1042
[] [] [][][][] [] [][][][][][][][][][][][][][] [][][][][] [][][][][] [][][][][]
[][][][][][] [][][][][] [][][][] [][][][][][][][][] [][] [][][] [][][][][][]
 []

[37]
Underfull \hbox (badness 10000) in paragraph at lines 1090--1092

 []


Underfull \hbox (badness 10000) in paragraph at lines 1115--1117

 []


Underfull \hbox (badness 10000) in paragraph at lines 1117--1119

 []

[38]
File: _main_files/figure-latex/groesse-erwachsene-ch-fig-1.pdf Graphic file (ty
pe pdf)
<use _main_files/figure-latex/groesse-erwachsene-ch-fig-1.pdf>

Underfull \hbox (badness 10000) in paragraph at lines 1142--1143

 []

[39]
Underfull \hbox (badness 10000) in paragraph at lines 1156--1157

 []


Underfull \hbox (badness 1859) in paragraph at lines 1163--1165
[]\TU/lmr/m/n/10 Ein \TU/lmr/bx/n/10 Punktschätzer \TU/lmr/m/n/10 verwendet ein
e Stichprobenkennzahl als beste
 []


Underfull \hbox (badness 10000) in paragraph at lines 1163--1165

 []


Underfull \hbox (badness 10000) in paragraph at lines 1176--1178

 []


Underfull \hbox (badness 10000) in paragraph at lines 1178--1180

 []

[40]
File: _main_files/figure-latex/samplingvar-combined-fig-1.pdf Graphic file (typ
e pdf)
<use _main_files/figure-latex/samplingvar-combined-fig-1.pdf>

Underfull \hbox (badness 10000) in paragraph at lines 1213--1215

 []

[41]
Underfull \hbox (badness 10000) in paragraph at lines 1215--1217

 []


Underfull \hbox (badness 10000) in paragraph at lines 1217--1219

 []

[42]
Underfull \hbox (badness 10000) in paragraph at lines 1240--1242

 []

[43]
Underfull \hbox (badness 10000) in paragraph at lines 1274--1274
[]\TU/lmr/bx/n/14.4 Konfidenzintervalle (auch Vertrauensin-
 []

[44]
Missing character: There is no ä ("E4) in font lmmi10!
File: _main_files/figure-latex/95ci-fig-1.pdf Graphic file (type pdf)
<use _main_files/figure-latex/95ci-fig-1.pdf>

Overfull \hbox (5.00883pt too wide) in paragraph at lines 1290--1291
 []\TU/lmr/m/n/10 {[] 
 []


Overfull \hbox (207.03674pt too wide) has occurred while \output is active
\TU/lmr/m/sl/10 5.7.  KONFIDENZINTERVALLE (AUCH VERTRAUENSINTERVALLE, ENGL. CON
FIDENCE INTERVALLS, ABK. $[][]$) \TU/lmr/m/n/10 45
 []

[45] [46]
File: _main_files/figure-latex/choosingZforCI-fig-1.pdf Graphic file (type pdf)

<use _main_files/figure-latex/choosingZforCI-fig-1.pdf>

Overfull \hbox (5.01132pt too wide) in paragraph at lines 1362--1363
 []\TU/lmr/m/n/10 {[] 
 []


Overfull \hbox (207.03674pt too wide) has occurred while \output is active
\TU/lmr/m/sl/10 5.7.  KONFIDENZINTERVALLE (AUCH VERTRAUENSINTERVALLE, ENGL. CON
FIDENCE INTERVALLS, ABK. $[][]$) \TU/lmr/m/n/10 47
 []

[47]
Underfull \hbox (badness 2884) in paragraph at lines 1406--1406
[]\TU/lmr/m/n/10 Wenn die Beobachtungseinheiten aus einer Zufallsstichprobe (ra
n-
 []

[48] [49] [50] [51]
File: _main_files/figure-latex/ci-trainingstage-fig-1.pdf Graphic file (type pd
f)
<use _main_files/figure-latex/ci-trainingstage-fig-1.pdf>

Overfull \hbox (5.01875pt too wide) in paragraph at lines 1544--1545
 []\TU/lmr/m/n/10 {[] 
 []

[52]
File: ./illustrations/ntest_errors.png Graphic file (type bmp)
<./illustrations/ntest_errors.png>

Underfull \vbox (badness 5726) has occurred while \output is active []

[53] [54]
File: _main_files/figure-latex/5prozentBereich-fig-1.pdf Graphic file (type pdf
)
<use _main_files/figure-latex/5prozentBereich-fig-1.pdf>

Overfull \hbox (5.01698pt too wide) in paragraph at lines 1616--1617
 []\TU/lmr/m/n/10 {[] 
 []

File: _main_files/figure-latex/significantResult-1.pdf Graphic file (type pdf)
<use _main_files/figure-latex/significantResult-1.pdf>
[55] [56] [57] [58]
File: _main_files/figure-latex/stud-sleep-fig-1.pdf Graphic file (type pdf)
<use _main_files/figure-latex/stud-sleep-fig-1.pdf>
[59]
File: _main_files/figure-latex/stud-sleep-oneSide-SE-fig-1.pdf Graphic file (ty
pe pdf)
<use _main_files/figure-latex/stud-sleep-oneSide-SE-fig-1.pdf>

Overfull \hbox (5.00374pt too wide) in paragraph at lines 1795--1796
 []\TU/lmr/m/n/10 {[] 
 []


Underfull \vbox (badness 5832) has occurred while \output is active []

[60]
File: _main_files/figure-latex/stud-sleep-p-onesided1-1.pdf Graphic file (type 
pdf)
<use _main_files/figure-latex/stud-sleep-p-onesided1-1.pdf>

Overfull \hbox (5.0pt too wide) in paragraph at lines 1810--1811
 []\TU/lmr/m/n/10 {[] 
 []


Underfull \vbox (badness 10000) has occurred while \output is active []

[61]
File: _main_files/figure-latex/stud-sleep-p-onesided2-1.pdf Graphic file (type 
pdf)
<use _main_files/figure-latex/stud-sleep-p-onesided2-1.pdf>

Overfull \hbox (5.0pt too wide) in paragraph at lines 1845--1846
 []\TU/lmr/m/n/10 {[] 
 []

[62] [63]
File: _main_files/figure-latex/p-twosided-tails-1.pdf Graphic file (type pdf)
<use _main_files/figure-latex/p-twosided-tails-1.pdf>

Overfull \hbox (5.0pt too wide) in paragraph at lines 1898--1899
 []\TU/lmr/m/n/10 {[] 
 []


Underfull \vbox (badness 10000) has occurred while \output is active []

[64]
File: _main_files/figure-latex/p-twosided-tails2-1.pdf Graphic file (type pdf)
<use _main_files/figure-latex/p-twosided-tails2-1.pdf>
[65]
Underfull \vbox (badness 4927) has occurred while \output is active []

[66]
Underfull \hbox (badness 1152) in paragraph at lines 1963--1963
[]\TU/lmr/m/n/10 Prüfe die Voraussetzungen für die Durchführung der Tests (Unab
-
 []

[67] [68]
Chapter 6.
[69

]
Underfull \hbox (badness 2980) in paragraph at lines 2031--2032
[]\TU/lmr/m/n/10 Beachte, dass der Korrelationskoeffizient $[]$ folgende Eigens
chaften
 []

File: _main_files/figure-latex/running-scatp-fig-1.pdf Graphic file (type pdf)
<use _main_files/figure-latex/running-scatp-fig-1.pdf>
[70] [71]
File: _main_files/figure-latex/relationshipsR-fig-1.pdf Graphic file (type pdf)

<use _main_files/figure-latex/relationshipsR-fig-1.pdf>
[72] [73]
File: _main_files/figure-latex/running-PearsonR-fig-1.pdf Graphic file (type pd
f)
<use _main_files/figure-latex/running-PearsonR-fig-1.pdf>
[74] [75]
File: _main_files/figure-latex/relationship-16-fig-1.pdf Graphic file (type pdf
)
<use _main_files/figure-latex/relationship-16-fig-1.pdf>
File: _main_files/figure-latex/cor-outlier-fig-1.pdf Graphic file (type pdf)
<use _main_files/figure-latex/cor-outlier-fig-1.pdf>
[76] [77] [78]
File: _main_files/figure-latex/monoton-fig-1.pdf Graphic file (type pdf)
<use _main_files/figure-latex/monoton-fig-1.pdf>
[79]
File: _main_files/figure-latex/shoesizeSalary-fig-1.pdf Graphic file (type pdf)

<use _main_files/figure-latex/shoesizeSalary-fig-1.pdf>
File: _main_files/figure-latex/shoesizeSalarySex-fig-1.pdf Graphic file (type p
df)
<use _main_files/figure-latex/shoesizeSalarySex-fig-1.pdf>
[80] [81] [82]
LaTeX Font Info:    Font shape `TU/lmtt/bx/n' in size <12> not available
(Font)              Font shape `TU/lmtt/b/n' tried instead on input line 2382.
File: _main_files/figure-latex/rcode-pearson-1.pdf Graphic file (type pdf)
<use _main_files/figure-latex/rcode-pearson-1.pdf>

Underfull \vbox (badness 10000) has occurred while \output is active []

[83]
File: _main_files/figure-latex/rcode-spearman-1.pdf Graphic file (type pdf)
<use _main_files/figure-latex/rcode-spearman-1.pdf>
[84]
File: ./illustrations/05_jamovi_pearson.png Graphic file (type bmp)
<./illustrations/05_jamovi_pearson.png>
[85]
File: ./illustrations/05_jamovi_spearman.png Graphic file (type bmp)
<./illustrations/05_jamovi_spearman.png>
[86]
Chapter 7.
[87

]
Underfull \hbox (badness 1968) in paragraph at lines 2556--2556
[]\TU/lmr/m/n/10 Verwende nur Werte für $[][]$, die in der Variationsbreite der

 []

[88]
File: _main_files/figure-latex/bookstore-fig-1.pdf Graphic file (type pdf)
<use _main_files/figure-latex/bookstore-fig-1.pdf>
[89] [90] [91]
File: _main_files/figure-latex/unnamed-chunk-17-1.pdf Graphic file (type pdf)
<use _main_files/figure-latex/unnamed-chunk-17-1.pdf>

Underfull \vbox (badness 10000) has occurred while \output is active []

[92] [93]
File: _main_files/figure-latex/bookstore-lines-fig-1.pdf Graphic file (type pdf
)
<use _main_files/figure-latex/bookstore-lines-fig-1.pdf>
[94]
File: _main_files/figure-latex/plot_bookstore_residuals-1.pdf Graphic file (typ
e pdf)
<use _main_files/figure-latex/plot_bookstore_residuals-1.pdf>

Underfull \vbox (badness 10000) has occurred while \output is active []

[95] [96]
File: _main_files/figure-latex/elmhurst-fig-1.pdf Graphic file (type pdf)
<use _main_files/figure-latex/elmhurst-fig-1.pdf>
[97] [98] [99]
File: _main_files/figure-latex/bookstore-33-fig-1.pdf Graphic file (type pdf)
<use _main_files/figure-latex/bookstore-33-fig-1.pdf>
[100]
File: _main_files/figure-latex/sprint100m-fig-1.pdf Graphic file (type pdf)
<use _main_files/figure-latex/sprint100m-fig-1.pdf>
File: _main_files/figure-latex/sprint100m-extrapol-fig-1.pdf Graphic file (type
 pdf)
<use _main_files/figure-latex/sprint100m-extrapol-fig-1.pdf>

Underfull \vbox (badness 10000) has occurred while \output is active []

[101]
File: _main_files/figure-latex/sprint100m_zero-1.pdf Graphic file (type pdf)
<use _main_files/figure-latex/sprint100m_zero-1.pdf>

Underfull \vbox (badness 4492) has occurred while \output is active []

[102]
File: _main_files/figure-latex/Rsquared-1.pdf Graphic file (type pdf)
<use _main_files/figure-latex/Rsquared-1.pdf>
[103]
LaTeX Font Info:    Font shape `TU/lmtt/bx/n' in size <14.4> not available
(Font)              Font shape `TU/lmtt/b/n' tried instead on input line 2924.
File: ./illustrations/06_lm_R_output.png Graphic file (type bmp)
<./illustrations/06_lm_R_output.png>
[104]
File: ./illustrations/06_jamovi_lm_output.png Graphic file (type bmp)
<./illustrations/06_jamovi_lm_output.png>

Overfull \hbox (37.79343pt too wide) has occurred while \output is active
\TU/lmr/m/sl/10 7.6.  VORAUSSETZUNGEN FÜR DIE GÜLTIGKEIT DES LINEAREN MODELLS \
TU/lmr/m/n/10 105
 []

[105]
File: _main_files/figure-latex/unnamed-chunk-21-1.pdf Graphic file (type pdf)
<use _main_files/figure-latex/unnamed-chunk-21-1.pdf>
File: _main_files/figure-latex/unnamed-chunk-21-2.pdf Graphic file (type pdf)
<use _main_files/figure-latex/unnamed-chunk-21-2.pdf>

Underfull \vbox (badness 10000) has occurred while \output is active []

[106]
Overfull \hbox (37.79343pt too wide) has occurred while \output is active
\TU/lmr/m/sl/10 7.6.  VORAUSSETZUNGEN FÜR DIE GÜLTIGKEIT DES LINEAREN MODELLS \
TU/lmr/m/n/10 107
 []

[107]
Overfull \hbox (27.75pt too wide) in paragraph at lines 3039--3039
[]\TU/lmtt/m/n/10 ##  ---------------------------------------------------------
----------[] 
 []


Overfull \hbox (27.75pt too wide) in paragraph at lines 3039--3039
[]\TU/lmtt/m/n/10 ##  ---------------------------------------------------------
----------[] 
 []


Overfull \hbox (17.25pt too wide) in paragraph at lines 3039--3039
[]\TU/lmtt/m/n/10 ##    Intercept      8.9333333    3.11482444    2.868005    0
.0167258[] 
 []


Overfull \hbox (17.25pt too wide) in paragraph at lines 3039--3039
[]\TU/lmtt/m/n/10 ##    Studierende    0.6863636    0.09360400    7.332632    0
.0000250[] 
 []


Overfull \hbox (27.75pt too wide) in paragraph at lines 3039--3039
[]\TU/lmtt/m/n/10 ##  ---------------------------------------------------------
----------[] 
 []

File: _main_files/figure-latex/unnamed-chunk-22-1.pdf Graphic file (type pdf)
<use _main_files/figure-latex/unnamed-chunk-22-1.pdf>
File: _main_files/figure-latex/unnamed-chunk-22-2.pdf Graphic file (type pdf)
<use _main_files/figure-latex/unnamed-chunk-22-2.pdf>
File: _main_files/figure-latex/unnamed-chunk-22-3.pdf Graphic file (type pdf)
<use _main_files/figure-latex/unnamed-chunk-22-3.pdf>
File: _main_files/figure-latex/unnamed-chunk-22-4.pdf Graphic file (type pdf)
<use _main_files/figure-latex/unnamed-chunk-22-4.pdf>

Underfull \vbox (badness 10000) has occurred while \output is active []

[108]
Underfull \vbox (badness 10000) has occurred while \output is active []


Overfull \hbox (37.79343pt too wide) has occurred while \output is active
\TU/lmr/m/sl/10 7.6.  VORAUSSETZUNGEN FÜR DIE GÜLTIGKEIT DES LINEAREN MODELLS \
TU/lmr/m/n/10 109
 []

[109] [110]
File: _main_files/figure-latex/heteroscedasticity-1.pdf Graphic file (type pdf)

<use _main_files/figure-latex/heteroscedasticity-1.pdf>

Overfull \hbox (37.79343pt too wide) has occurred while \output is active
\TU/lmr/m/sl/10 7.6.  VORAUSSETZUNGEN FÜR DIE GÜLTIGKEIT DES LINEAREN MODELLS \
TU/lmr/m/n/10 111
 []

[111] [112

]
Chapter 8.

Underfull \hbox (badness 3260) in paragraph at lines 3087--3089
\TU/lmr/m/n/10 Beispiele sind Prä-Post-Messungen (Messwiederholungen) bei einer

 []

[113]
Underfull \vbox (badness 1448) has occurred while \output is active []

[114] [115]
File: _main_files/figure-latex/run12-hist-fig-1.pdf Graphic file (type pdf)
<use _main_files/figure-latex/run12-hist-fig-1.pdf>
File: _main_files/figure-latex/run12-qq-fig-1.pdf Graphic file (type pdf)
<use _main_files/figure-latex/run12-qq-fig-1.pdf>
[116] [117] [118] [119]
File: ./illustrations/07_jamovi_oneSampleTtest.png Graphic file (type bmp)
<./illustrations/07_jamovi_oneSampleTtest.png>
[120]
File: _main_files/figure-latex/schlafmittel-fig-1.pdf Graphic file (type pdf)
<use _main_files/figure-latex/schlafmittel-fig-1.pdf>
[121] [122]
File: _main_files/figure-latex/medi-data-qq-1.pdf Graphic file (type pdf)
<use _main_files/figure-latex/medi-data-qq-1.pdf>
[123] [124]
Overfull \hbox (17.25pt too wide) in paragraph at lines 3557--3557
[]\TU/lmtt/m/n/10 ## alternative hypothesis: true difference in means is not eq
ual to 0[] 
 []

[125]
File: ./illustrations/07_jamovi_pairedTtest.png Graphic file (type bmp)
<./illustrations/07_jamovi_pairedTtest.png>
[126]
Overfull \hbox (13.9367pt too wide) has occurred while \output is active
\TU/lmr/m/sl/10 8.6.  ZWEISTICHPROBEN-T-TEST FÜR UNABHÄNGIGE STICHPROBEN \TU/lm
r/m/n/10 127
 []

[127] [128]
File: _main_files/figure-latex/stemcell-qq-fig-1.pdf Graphic file (type pdf)
<use _main_files/figure-latex/stemcell-qq-fig-1.pdf>

Overfull \hbox (13.9367pt too wide) has occurred while \output is active
\TU/lmr/m/sl/10 8.6.  ZWEISTICHPROBEN-T-TEST FÜR UNABHÄNGIGE STICHPROBEN \TU/lm
r/m/n/10 129
 []

[129]
Overfull \hbox (59.87996pt too wide) in paragraph at lines 3769--3784
 [][] 
 []


Underfull \hbox (badness 3735) in paragraph at lines 3796--3796
[]\TU/lmr/m/n/10 Wenn die Voraussetzungen erfüllt sind, berechne SE, das 95%-
 []

[130]
File: _main_files/figure-latex/plot-births-fig-1.pdf Graphic file (type pdf)
<use _main_files/figure-latex/plot-births-fig-1.pdf>

Overfull \hbox (13.9367pt too wide) has occurred while \output is active
\TU/lmr/m/sl/10 8.6.  ZWEISTICHPROBEN-T-TEST FÜR UNABHÄNGIGE STICHPROBEN \TU/lm
r/m/n/10 131
 []

[131] [132]
Overfull \hbox (13.9367pt too wide) has occurred while \output is active
\TU/lmr/m/sl/10 8.6.  ZWEISTICHPROBEN-T-TEST FÜR UNABHÄNGIGE STICHPROBEN \TU/lm
r/m/n/10 133
 []

[133]
Overfull \hbox (232.5pt too wide) in paragraph at lines 3920--3920
[]\TU/lmtt/m/n/10 ## alternative hypothesis: true difference in means between g
roup nonsmoker and group smoker is not equal to 0[] 
 []

File: ./illustrations/07_jamovi_welchsTest.png Graphic file (type bmp)
<./illustrations/07_jamovi_welchsTest.png>
[134] [135]
File: _main_files/figure-latex/ss-boxplot-fig-1.pdf Graphic file (type pdf)
<use _main_files/figure-latex/ss-boxplot-fig-1.pdf>
[136] [137]
File: _main_files/figure-latex/plot-ss-points-1.pdf Graphic file (type pdf)
<use _main_files/figure-latex/plot-ss-points-1.pdf>
[138] [139]
File: ./illustrations/07_jamovi_wilcoxRank.png Graphic file (type bmp)
<./illustrations/07_jamovi_wilcoxRank.png>
[140]
File: _main_files/figure-latex/statex-dots-fig-1.pdf Graphic file (type pdf)
<use _main_files/figure-latex/statex-dots-fig-1.pdf>
[141] [142]
File: ./illustrations/07_jamovi_mannWhitneyU.png Graphic file (type bmp)
<./illustrations/07_jamovi_mannWhitneyU.png>
[143]
File: _main_files/figure-latex/plot-equal-notequal-1.pdf Graphic file (type pdf
)
<use _main_files/figure-latex/plot-equal-notequal-1.pdf>
[144] [145] (./_main.aux)

LaTeX Warning: There were multiply-defined labels.

Package rerunfilecheck Info: File `_main.out' has not changed.
(rerunfilecheck)             Checksum: CD8C557F80B111C59B3DFF318654B629;8229.
 ) 
Here is how much of TeX's memory you used:
 19478 strings out of 478274
 381957 string characters out of 5854886
 807832 words of memory out of 5000000
 39621 multiletter control sequences out of 15000+600000
 410980 words of font info for 91 fonts, out of 8000000 for 9000
 14 hyphenation exceptions out of 8191
 86i,9n,121p,1710b,517s stack positions out of 5000i,500n,10000p,200000b,80000s

Output written on _main.pdf (145 pages).
